<?xml version="1.0" encoding="UTF-8"?>
<coverage generated="1659709105719" clover="3.2.0">
  <project timestamp="1659709105719" name="All files">
    <metrics statements="115" coveredstatements="86" conditionals="31" coveredconditionals="24" methods="30" coveredmethods="9" elements="176" coveredelements="119" complexity="0" loc="115" ncloc="115" packages="10" files="22" classes="22"/>
    <package name="app">
      <metrics statements="11" coveredstatements="8" conditionals="0" coveredconditionals="0" methods="9" coveredmethods="0"/>
      <file name="app-routing.module.ts" path="/Users/yonathan.g.ramos/Desktop/Wolox-Practices/front/wolox-books/yr-vue-angular/angular/src/app/app-routing.module.ts">
        <metrics statements="7" coveredstatements="4" conditionals="0" coveredconditionals="0" methods="9" coveredmethods="0"/>
        <line num="1" count="2" type="stmt"/>
        <line num="2" count="2" type="stmt"/>
        <line num="4" count="2" type="stmt"/>
        <line num="13" count="0" type="stmt"/>
        <line num="18" count="0" type="stmt"/>
        <line num="23" count="0" type="stmt"/>
        <line num="32" count="2" type="stmt"/>
      </file>
      <file name="app.component.html" path="/Users/yonathan.g.ramos/Desktop/Wolox-Practices/front/wolox-books/yr-vue-angular/angular/src/app/app.component.html">
        <metrics statements="1" coveredstatements="1" conditionals="0" coveredconditionals="0" methods="0" coveredmethods="0"/>
        <line num="1" count="1" type="stmt"/>
      </file>
      <file name="app.component.ts" path="/Users/yonathan.g.ramos/Desktop/Wolox-Practices/front/wolox-books/yr-vue-angular/angular/src/app/app.component.ts">
        <metrics statements="3" coveredstatements="3" conditionals="0" coveredconditionals="0" methods="0" coveredmethods="0"/>
        <line num="1" count="1" type="stmt"/>
        <line num="8" count="1" type="stmt"/>
        <line num="9" count="1" type="stmt"/>
      </file>
    </package>
    <package name="app.components.form-container">
      <metrics statements="20" coveredstatements="20" conditionals="20" coveredconditionals="17" methods="4" coveredmethods="4"/>
      <file name="form-container.component.html" path="/Users/yonathan.g.ramos/Desktop/Wolox-Practices/front/wolox-books/yr-vue-angular/angular/src/app/components/form-container/form-container.component.html">
        <metrics statements="1" coveredstatements="1" conditionals="0" coveredconditionals="0" methods="0" coveredmethods="0"/>
        <line num="1" count="2" type="stmt"/>
      </file>
      <file name="form-container.component.ts" path="/Users/yonathan.g.ramos/Desktop/Wolox-Practices/front/wolox-books/yr-vue-angular/angular/src/app/components/form-container/form-container.component.ts">
        <metrics statements="19" coveredstatements="19" conditionals="20" coveredconditionals="17" methods="4" coveredmethods="4"/>
        <line num="1" count="2" type="stmt"/>
        <line num="2" count="2" type="stmt"/>
        <line num="3" count="2" type="stmt"/>
        <line num="11" count="2" type="stmt"/>
        <line num="14" count="6" type="stmt"/>
        <line num="16" count="6" type="stmt"/>
        <line num="18" count="6" type="stmt"/>
        <line num="30" count="6" type="stmt"/>
        <line num="31" count="21" type="stmt"/>
        <line num="33" count="6" type="stmt"/>
        <line num="38" count="6" type="cond" truecount="2" falsecount="0"/>
        <line num="39" count="2" type="stmt"/>
        <line num="41" count="4" type="stmt"/>
        <line num="42" count="4" type="stmt"/>
        <line num="43" count="4" type="stmt"/>
        <line num="48" count="184" type="cond" truecount="1" falsecount="0"/>
        <line num="52" count="28" type="stmt"/>
        <line num="55" count="156" type="cond" truecount="1" falsecount="0"/>
        <line num="56" count="66" type="stmt"/>
      </file>
    </package>
    <package name="app.components.navbar">
      <metrics statements="8" coveredstatements="6" conditionals="0" coveredconditionals="0" methods="2" coveredmethods="1"/>
      <file name="navbar.component.html" path="/Users/yonathan.g.ramos/Desktop/Wolox-Practices/front/wolox-books/yr-vue-angular/angular/src/app/components/navbar/navbar.component.html">
        <metrics statements="1" coveredstatements="1" conditionals="0" coveredconditionals="0" methods="0" coveredmethods="0"/>
        <line num="1" count="1" type="stmt"/>
      </file>
      <file name="navbar.component.ts" path="/Users/yonathan.g.ramos/Desktop/Wolox-Practices/front/wolox-books/yr-vue-angular/angular/src/app/components/navbar/navbar.component.ts">
        <metrics statements="7" coveredstatements="5" conditionals="0" coveredconditionals="0" methods="2" coveredmethods="1"/>
        <line num="1" count="1" type="stmt"/>
        <line num="2" count="1" type="stmt"/>
        <line num="3" count="1" type="stmt"/>
        <line num="10" count="1" type="stmt"/>
        <line num="11" count="1" type="stmt"/>
        <line num="13" count="0" type="stmt"/>
        <line num="14" count="0" type="stmt"/>
      </file>
    </package>
    <package name="app.constants">
      <metrics statements="6" coveredstatements="6" conditionals="2" coveredconditionals="2" methods="1" coveredmethods="1"/>
      <file name="codeRequest.ts" path="/Users/yonathan.g.ramos/Desktop/Wolox-Practices/front/wolox-books/yr-vue-angular/angular/src/app/constants/codeRequest.ts">
        <metrics statements="4" coveredstatements="4" conditionals="2" coveredconditionals="2" methods="1" coveredmethods="1"/>
        <line num="1" count="1" type="cond" truecount="2" falsecount="0"/>
        <line num="2" count="1" type="stmt"/>
        <line num="3" count="1" type="stmt"/>
        <line num="4" count="1" type="stmt"/>
      </file>
      <file name="formAccount.ts" path="/Users/yonathan.g.ramos/Desktop/Wolox-Practices/front/wolox-books/yr-vue-angular/angular/src/app/constants/formAccount.ts">
        <metrics statements="2" coveredstatements="2" conditionals="0" coveredconditionals="0" methods="0" coveredmethods="0"/>
        <line num="1" count="2" type="stmt"/>
        <line num="35" count="2" type="stmt"/>
      </file>
    </package>
    <package name="app.helpers.utilities">
      <metrics statements="8" coveredstatements="8" conditionals="5" coveredconditionals="5" methods="2" coveredmethods="2"/>
      <file name="customValidators.ts" path="/Users/yonathan.g.ramos/Desktop/Wolox-Practices/front/wolox-books/yr-vue-angular/angular/src/app/helpers/utilities/customValidators.ts">
        <metrics statements="5" coveredstatements="5" conditionals="5" coveredconditionals="5" methods="2" coveredmethods="2"/>
        <line num="3" count="2" type="stmt"/>
        <line num="5" count="6" type="stmt"/>
        <line num="6" count="46" type="stmt"/>
        <line num="7" count="46" type="stmt"/>
        <line num="9" count="46" type="cond" truecount="5" falsecount="0"/>
      </file>
      <file name="serializer.ts" path="/Users/yonathan.g.ramos/Desktop/Wolox-Practices/front/wolox-books/yr-vue-angular/angular/src/app/helpers/utilities/serializer.ts">
        <metrics statements="3" coveredstatements="3" conditionals="0" coveredconditionals="0" methods="0" coveredmethods="0"/>
        <line num="1" count="4" type="stmt"/>
        <line num="3" count="4" type="stmt"/>
        <line num="4" count="4" type="stmt"/>
      </file>
    </package>
    <package name="app.screens.books">
      <metrics statements="8" coveredstatements="8" conditionals="0" coveredconditionals="0" methods="0" coveredmethods="0"/>
      <file name="books-routing.module.ts" path="/Users/yonathan.g.ramos/Desktop/Wolox-Practices/front/wolox-books/yr-vue-angular/angular/src/app/screens/books/books-routing.module.ts">
        <metrics statements="5" coveredstatements="5" conditionals="0" coveredconditionals="0" methods="0" coveredmethods="0"/>
        <line num="1" count="1" type="stmt"/>
        <line num="2" count="1" type="stmt"/>
        <line num="3" count="1" type="stmt"/>
        <line num="4" count="1" type="stmt"/>
        <line num="15" count="1" type="stmt"/>
      </file>
      <file name="books.component.html" path="/Users/yonathan.g.ramos/Desktop/Wolox-Practices/front/wolox-books/yr-vue-angular/angular/src/app/screens/books/books.component.html">
        <metrics statements="1" coveredstatements="1" conditionals="0" coveredconditionals="0" methods="0" coveredmethods="0"/>
        <line num="1" count="1" type="stmt"/>
      </file>
      <file name="books.component.ts" path="/Users/yonathan.g.ramos/Desktop/Wolox-Practices/front/wolox-books/yr-vue-angular/angular/src/app/screens/books/books.component.ts">
        <metrics statements="2" coveredstatements="2" conditionals="0" coveredconditionals="0" methods="0" coveredmethods="0"/>
        <line num="1" count="1" type="stmt"/>
        <line num="8" count="1" type="stmt"/>
      </file>
    </package>
    <package name="app.screens.login">
      <metrics statements="24" coveredstatements="12" conditionals="3" coveredconditionals="0" methods="4" coveredmethods="0"/>
      <file name="login-routing.module.ts" path="/Users/yonathan.g.ramos/Desktop/Wolox-Practices/front/wolox-books/yr-vue-angular/angular/src/app/screens/login/login-routing.module.ts">
        <metrics statements="5" coveredstatements="5" conditionals="0" coveredconditionals="0" methods="0" coveredmethods="0"/>
        <line num="1" count="1" type="stmt"/>
        <line num="2" count="1" type="stmt"/>
        <line num="3" count="1" type="stmt"/>
        <line num="4" count="1" type="stmt"/>
        <line num="15" count="1" type="stmt"/>
      </file>
      <file name="login.component.html" path="/Users/yonathan.g.ramos/Desktop/Wolox-Practices/front/wolox-books/yr-vue-angular/angular/src/app/screens/login/login.component.html">
        <metrics statements="1" coveredstatements="1" conditionals="0" coveredconditionals="0" methods="0" coveredmethods="0"/>
        <line num="1" count="1" type="stmt"/>
      </file>
      <file name="login.component.ts" path="/Users/yonathan.g.ramos/Desktop/Wolox-Practices/front/wolox-books/yr-vue-angular/angular/src/app/screens/login/login.component.ts">
        <metrics statements="18" coveredstatements="6" conditionals="3" coveredconditionals="0" methods="4" coveredmethods="0"/>
        <line num="2" count="1" type="stmt"/>
        <line num="3" count="1" type="stmt"/>
        <line num="4" count="1" type="stmt"/>
        <line num="6" count="1" type="stmt"/>
        <line num="7" count="1" type="stmt"/>
        <line num="13" count="1" type="stmt"/>
        <line num="14" count="0" type="stmt"/>
        <line num="15" count="0" type="stmt"/>
        <line num="17" count="0" type="stmt"/>
        <line num="20" count="0" type="stmt"/>
        <line num="21" count="0" type="stmt"/>
        <line num="23" count="0" type="cond" truecount="0" falsecount="1"/>
        <line num="24" count="0" type="stmt"/>
        <line num="25" count="0" type="cond" truecount="0" falsecount="1"/>
        <line num="26" count="0" type="stmt"/>
        <line num="27" count="0" type="stmt"/>
        <line num="32" count="0" type="cond" truecount="0" falsecount="1"/>
        <line num="33" count="0" type="stmt"/>
      </file>
    </package>
    <package name="app.screens.sign-up">
      <metrics statements="16" coveredstatements="10" conditionals="1" coveredconditionals="0" methods="3" coveredmethods="0"/>
      <file name="sign-up-routing.module.ts" path="/Users/yonathan.g.ramos/Desktop/Wolox-Practices/front/wolox-books/yr-vue-angular/angular/src/app/screens/sign-up/sign-up-routing.module.ts">
        <metrics statements="5" coveredstatements="5" conditionals="0" coveredconditionals="0" methods="0" coveredmethods="0"/>
        <line num="1" count="1" type="stmt"/>
        <line num="2" count="1" type="stmt"/>
        <line num="3" count="1" type="stmt"/>
        <line num="4" count="1" type="stmt"/>
        <line num="15" count="1" type="stmt"/>
      </file>
      <file name="sign-up.component.html" path="/Users/yonathan.g.ramos/Desktop/Wolox-Practices/front/wolox-books/yr-vue-angular/angular/src/app/screens/sign-up/sign-up.component.html">
        <metrics statements="1" coveredstatements="1" conditionals="0" coveredconditionals="0" methods="0" coveredmethods="0"/>
        <line num="1" count="1" type="stmt"/>
      </file>
      <file name="sign-up.component.ts" path="/Users/yonathan.g.ramos/Desktop/Wolox-Practices/front/wolox-books/yr-vue-angular/angular/src/app/screens/sign-up/sign-up.component.ts">
        <metrics statements="10" coveredstatements="4" conditionals="1" coveredconditionals="0" methods="3" coveredmethods="0"/>
        <line num="2" count="1" type="stmt"/>
        <line num="3" count="1" type="stmt"/>
        <line num="5" count="1" type="stmt"/>
        <line num="11" count="1" type="stmt"/>
        <line num="12" count="0" type="stmt"/>
        <line num="13" count="0" type="stmt"/>
        <line num="15" count="0" type="stmt"/>
        <line num="18" count="0" type="stmt"/>
        <line num="21" count="0" type="cond" truecount="0" falsecount="1"/>
        <line num="22" count="0" type="stmt"/>
      </file>
    </package>
    <package name="app.services">
      <metrics statements="13" coveredstatements="7" conditionals="0" coveredconditionals="0" methods="5" coveredmethods="1"/>
      <file name="user.service.ts" path="/Users/yonathan.g.ramos/Desktop/Wolox-Practices/front/wolox-books/yr-vue-angular/angular/src/app/services/user.service.ts">
        <metrics statements="13" coveredstatements="7" conditionals="0" coveredconditionals="0" methods="5" coveredmethods="1"/>
        <line num="1" count="4" type="stmt"/>
        <line num="2" count="4" type="stmt"/>
        <line num="5" count="4" type="stmt"/>
        <line num="6" count="4" type="stmt"/>
        <line num="11" count="4" type="stmt"/>
        <line num="12" count="2" type="stmt"/>
        <line num="14" count="2" type="stmt"/>
        <line num="17" count="0" type="stmt"/>
        <line num="18" count="0" type="stmt"/>
        <line num="20" count="0" type="stmt"/>
        <line num="30" count="0" type="stmt"/>
        <line num="39" count="0" type="stmt"/>
        <line num="43" count="0" type="stmt"/>
      </file>
    </package>
    <package name="environments">
      <metrics statements="1" coveredstatements="1" conditionals="0" coveredconditionals="0" methods="0" coveredmethods="0"/>
      <file name="environment.ts" path="/Users/yonathan.g.ramos/Desktop/Wolox-Practices/front/wolox-books/yr-vue-angular/angular/src/environments/environment.ts">
        <metrics statements="1" coveredstatements="1" conditionals="0" coveredconditionals="0" methods="0" coveredmethods="0"/>
        <line num="5" count="4" type="stmt"/>
      </file>
    </package>
  </project>
</coverage>
