{"/Users/yonathan.g.ramos/Desktop/Wolox-Practices/front/wolox-books/yr-vue-angular/angular/src/app/app-routing.module.ts": {"path":"/Users/yonathan.g.ramos/Desktop/Wolox-Practices/front/wolox-books/yr-vue-angular/angular/src/app/app-routing.module.ts","statementMap":{"0":{"start":{"line":1,"column":0},"end":{"line":1,"column":41}},"1":{"start":{"line":2,"column":0},"end":{"line":2,"column":55}},"2":{"start":{"line":4,"column":23},"end":{"line":26,"column":2}},"3":{"start":{"line":13,"column":6},"end":{"line":13,"column":76}},"4":{"start":{"line":13,"column":6},"end":{"line":13,"column":49}},"5":{"start":{"line":13,"column":61},"end":{"line":13,"column":75}},"6":{"start":{"line":18,"column":6},"end":{"line":18,"column":71}},"7":{"start":{"line":18,"column":6},"end":{"line":18,"column":45}},"8":{"start":{"line":18,"column":57},"end":{"line":18,"column":70}},"9":{"start":{"line":23,"column":6},"end":{"line":23,"column":71}},"10":{"start":{"line":23,"column":6},"end":{"line":23,"column":45}},"11":{"start":{"line":23,"column":57},"end":{"line":23,"column":70}},"12":{"start":{"line":32,"column":29},"end":{"line":32,"column":null}},"13":{"start":{"line":32,"column":13},"end":{"line":32,"column":null}},"14":{"start":{"line":32,"column":13},"end":{"line":32,"column":29}}},"fnMap":{"0":{"name":"(anonymous_0)","decl":{"start":{"line":12,"column":18},"end":{"line":12,"column":21}},"loc":{"start":{"line":13,"column":6},"end":{"line":13,"column":76}}},"1":{"name":"(anonymous_1)","decl":{"start":{"line":13,"column":6},"end":{"line":13,"column":13}},"loc":{"start":{"line":13,"column":6},"end":{"line":13,"column":49}}},"2":{"name":"(anonymous_2)","decl":{"start":{"line":13,"column":54},"end":{"line":13,"column":55}},"loc":{"start":{"line":13,"column":61},"end":{"line":13,"column":75}}},"3":{"name":"(anonymous_3)","decl":{"start":{"line":17,"column":18},"end":{"line":17,"column":21}},"loc":{"start":{"line":18,"column":6},"end":{"line":18,"column":71}}},"4":{"name":"(anonymous_4)","decl":{"start":{"line":18,"column":6},"end":{"line":18,"column":13}},"loc":{"start":{"line":18,"column":6},"end":{"line":18,"column":45}}},"5":{"name":"(anonymous_5)","decl":{"start":{"line":18,"column":50},"end":{"line":18,"column":51}},"loc":{"start":{"line":18,"column":57},"end":{"line":18,"column":70}}},"6":{"name":"(anonymous_6)","decl":{"start":{"line":22,"column":18},"end":{"line":22,"column":21}},"loc":{"start":{"line":23,"column":6},"end":{"line":23,"column":71}}},"7":{"name":"(anonymous_7)","decl":{"start":{"line":23,"column":6},"end":{"line":23,"column":13}},"loc":{"start":{"line":23,"column":6},"end":{"line":23,"column":45}}},"8":{"name":"(anonymous_8)","decl":{"start":{"line":23,"column":50},"end":{"line":23,"column":51}},"loc":{"start":{"line":23,"column":57},"end":{"line":23,"column":70}}}},"branchMap":{},"s":{"0":2,"1":2,"2":2,"3":0,"4":0,"5":0,"6":0,"7":0,"8":0,"9":0,"10":0,"11":0,"12":2,"13":2,"14":2},"f":{"0":0,"1":0,"2":0,"3":0,"4":0,"5":0,"6":0,"7":0,"8":0},"b":{}}
,"/Users/yonathan.g.ramos/Desktop/Wolox-Practices/front/wolox-books/yr-vue-angular/angular/src/app/app.component.html": {"path":"/Users/yonathan.g.ramos/Desktop/Wolox-Practices/front/wolox-books/yr-vue-angular/angular/src/app/app.component.html","statementMap":{"0":{"start":{"line":1,"column":0},"end":{"line":1,"column":88}}},"fnMap":{},"branchMap":{},"s":{"0":1},"f":{},"b":{},"_coverageSchema":"1a1c01bbd47fc00a2c39e90264f33305004495a9","hash":"6c7d087570a8647536f900e1ba59d9d48bfd4ad0"}
,"/Users/yonathan.g.ramos/Desktop/Wolox-Practices/front/wolox-books/yr-vue-angular/angular/src/app/app.component.ts": {"path":"/Users/yonathan.g.ramos/Desktop/Wolox-Practices/front/wolox-books/yr-vue-angular/angular/src/app/app.component.ts","statementMap":{"0":{"start":{"line":1,"column":0},"end":{"line":1,"column":42}},"1":{"start":{"line":8,"column":25},"end":{"line":10,"column":null}},"2":{"start":{"line":9,"column":2},"end":{"line":9,"column":24}},"3":{"start":{"line":8,"column":13},"end":{"line":10,"column":null}},"4":{"start":{"line":8,"column":13},"end":{"line":8,"column":25}}},"fnMap":{},"branchMap":{},"s":{"0":1,"1":1,"2":1,"3":1,"4":1},"f":{},"b":{}}
,"/Users/yonathan.g.ramos/Desktop/Wolox-Practices/front/wolox-books/yr-vue-angular/angular/src/app/components/form-container/form-container.component.html": {"path":"/Users/yonathan.g.ramos/Desktop/Wolox-Practices/front/wolox-books/yr-vue-angular/angular/src/app/components/form-container/form-container.component.html","statementMap":{"0":{"start":{"line":1,"column":0},"end":{"line":1,"column":888}}},"fnMap":{},"branchMap":{},"s":{"0":2},"f":{},"b":{},"_coverageSchema":"1a1c01bbd47fc00a2c39e90264f33305004495a9","hash":"15b5abbedb2aa5258c8f948ddd0dea3427950ce8"}
,"/Users/yonathan.g.ramos/Desktop/Wolox-Practices/front/wolox-books/yr-vue-angular/angular/src/app/components/form-container/form-container.component.ts": {"path":"/Users/yonathan.g.ramos/Desktop/Wolox-Practices/front/wolox-books/yr-vue-angular/angular/src/app/components/form-container/form-container.component.ts","statementMap":{"0":{"start":{"line":1,"column":0},"end":{"line":1,"column":79}},"1":{"start":{"line":2,"column":0},"end":{"line":2,"column":68}},"2":{"start":{"line":3,"column":0},"end":{"line":3,"column":76}},"3":{"start":{"line":11,"column":35},"end":{"line":62,"column":null}},"4":{"start":{"line":14,"column":12},"end":{"line":14,"column":55}},"5":{"start":{"line":16,"column":2},"end":{"line":16,"column":21}},"6":{"start":{"line":18,"column":2},"end":{"line":27,"column":4}},"7":{"start":{"line":30,"column":4},"end":{"line":32,"column":7}},"8":{"start":{"line":31,"column":6},"end":{"line":31,"column":61}},"9":{"start":{"line":33,"column":4},"end":{"line":35,"column":7}},"10":{"start":{"line":38,"column":4},"end":{"line":44,"column":null}},"11":{"start":{"line":39,"column":6},"end":{"line":39,"column":52}},"12":{"start":{"line":41,"column":6},"end":{"line":41,"column":51}},"13":{"start":{"line":42,"column":6},"end":{"line":42,"column":39}},"14":{"start":{"line":43,"column":6},"end":{"line":43,"column":45}},"15":{"start":{"line":48,"column":4},"end":{"line":53,"column":null}},"16":{"start":{"line":52,"column":6},"end":{"line":52,"column":18}},"17":{"start":{"line":55,"column":4},"end":{"line":60,"column":null}},"18":{"start":{"line":56,"column":6},"end":{"line":59,"column":8}},"19":{"start":{"line":11,"column":13},"end":{"line":62,"column":null}},"20":{"start":{"line":11,"column":13},"end":{"line":11,"column":35}}},"fnMap":{"0":{"name":"(anonymous_1)","decl":{"start":{"line":29,"column":2},"end":{"line":29,"column":10}},"loc":{"start":{"line":29,"column":10},"end":{"line":36,"column":3}}},"1":{"name":"(anonymous_2)","decl":{"start":{"line":30,"column":24},"end":{"line":30,"column":25}},"loc":{"start":{"line":30,"column":34},"end":{"line":32,"column":5}}},"2":{"name":"(anonymous_3)","decl":{"start":{"line":37,"column":2},"end":{"line":37,"column":10}},"loc":{"start":{"line":37,"column":10},"end":{"line":45,"column":3}}},"3":{"name":"(anonymous_4)","decl":{"start":{"line":47,"column":2},"end":{"line":47,"column":12}},"loc":{"start":{"line":47,"column":27},"end":{"line":61,"column":3}}}},"branchMap":{"0":{"loc":{"start":{"line":38,"column":4},"end":{"line":44,"column":null}},"type":"if","locations":[{"start":{"line":38,"column":4},"end":{"line":44,"column":null}},{"start":{"line":40,"column":11},"end":{"line":44,"column":null}}]},"1":{"loc":{"start":{"line":48,"column":4},"end":{"line":53,"column":null}},"type":"if","locations":[{"start":{"line":48,"column":4},"end":{"line":53,"column":null}}]},"2":{"loc":{"start":{"line":49,"column":6},"end":{"line":50,"column":null}},"type":"binary-expr","locations":[{"start":{"line":49,"column":6},"end":{"line":49,"column":43}},{"start":{"line":50,"column":6},"end":{"line":50,"column":43}}]},"3":{"loc":{"start":{"line":49,"column":6},"end":{"line":49,"column":43}},"type":"cond-expr","locations":[{"start":{"line":49,"column":34},"end":{"line":49,"column":36}},{"start":{"line":49,"column":34},"end":{"line":49,"column":43}}]},"4":{"loc":{"start":{"line":49,"column":6},"end":{"line":49,"column":36}},"type":"binary-expr","locations":[{"start":{"line":49,"column":6},"end":{"line":49,"column":36}},{"start":{"line":49,"column":34},"end":{"line":49,"column":36}}]},"5":{"loc":{"start":{"line":50,"column":6},"end":{"line":50,"column":43}},"type":"cond-expr","locations":[{"start":{"line":50,"column":34},"end":{"line":50,"column":36}},{"start":{"line":50,"column":34},"end":{"line":50,"column":43}}]},"6":{"loc":{"start":{"line":50,"column":6},"end":{"line":50,"column":36}},"type":"binary-expr","locations":[{"start":{"line":50,"column":6},"end":{"line":50,"column":36}},{"start":{"line":50,"column":34},"end":{"line":50,"column":36}}]},"7":{"loc":{"start":{"line":55,"column":4},"end":{"line":60,"column":null}},"type":"if","locations":[{"start":{"line":55,"column":4},"end":{"line":60,"column":null}}]},"8":{"loc":{"start":{"line":57,"column":8},"end":{"line":58,"column":null}},"type":"binary-expr","locations":[{"start":{"line":57,"column":8},"end":{"line":57,"column":42}},{"start":{"line":58,"column":8},"end":{"line":58,"column":58}}]},"9":{"loc":{"start":{"line":58,"column":8},"end":{"line":58,"column":58}},"type":"cond-expr","locations":[{"start":{"line":58,"column":49},"end":{"line":58,"column":51}},{"start":{"line":58,"column":49},"end":{"line":58,"column":58}}]},"10":{"loc":{"start":{"line":58,"column":8},"end":{"line":58,"column":51}},"type":"binary-expr","locations":[{"start":{"line":58,"column":8},"end":{"line":58,"column":51}},{"start":{"line":58,"column":49},"end":{"line":58,"column":51}}]}},"s":{"0":2,"1":2,"2":2,"3":2,"4":6,"5":6,"6":6,"7":6,"8":21,"9":6,"10":6,"11":2,"12":4,"13":4,"14":4,"15":184,"16":28,"17":156,"18":66,"19":2,"20":2},"f":{"0":6,"1":21,"2":6,"3":184},"b":{"0":[2,4],"1":[28],"2":[184,120],"3":[0,184],"4":[184,184],"5":[0,120],"6":[120,120],"7":[66],"8":[66,4],"9":[0,4],"10":[4,4]}}
,"/Users/yonathan.g.ramos/Desktop/Wolox-Practices/front/wolox-books/yr-vue-angular/angular/src/app/components/navbar/navbar.component.html": {"path":"/Users/yonathan.g.ramos/Desktop/Wolox-Practices/front/wolox-books/yr-vue-angular/angular/src/app/components/navbar/navbar.component.html","statementMap":{"0":{"start":{"line":1,"column":0},"end":{"line":1,"column":243}}},"fnMap":{},"branchMap":{},"s":{"0":1},"f":{},"b":{},"_coverageSchema":"1a1c01bbd47fc00a2c39e90264f33305004495a9","hash":"b267be2a435b7922a3a5ba59078f1cb5792e222e"}
,"/Users/yonathan.g.ramos/Desktop/Wolox-Practices/front/wolox-books/yr-vue-angular/angular/src/app/components/navbar/navbar.component.ts": {"path":"/Users/yonathan.g.ramos/Desktop/Wolox-Practices/front/wolox-books/yr-vue-angular/angular/src/app/components/navbar/navbar.component.ts","statementMap":{"0":{"start":{"line":1,"column":0},"end":{"line":1,"column":42}},"1":{"start":{"line":2,"column":0},"end":{"line":2,"column":9}},"2":{"start":{"line":3,"column":0},"end":{"line":3,"column":9}},"3":{"start":{"line":10,"column":28},"end":{"line":16,"column":null}},"4":{"start":{"line":11,"column":22},"end":{"line":11,"column":35}},"5":{"start":{"line":11,"column":56},"end":{"line":11,"column":64}},"6":{"start":{"line":13,"column":4},"end":{"line":13,"column":31}},"7":{"start":{"line":14,"column":4},"end":{"line":14,"column":37}},"8":{"start":{"line":10,"column":13},"end":{"line":16,"column":null}},"9":{"start":{"line":10,"column":13},"end":{"line":10,"column":28}}},"fnMap":{"0":{"name":"(anonymous_0)","decl":{"start":{"line":11,"column":2},"end":{"line":11,"column":22}},"loc":{"start":{"line":11,"column":70},"end":{"line":11,"column":74}}},"1":{"name":"(anonymous_1)","decl":{"start":{"line":12,"column":2},"end":{"line":12,"column":8}},"loc":{"start":{"line":12,"column":8},"end":{"line":15,"column":3}}}},"branchMap":{},"s":{"0":1,"1":1,"2":1,"3":1,"4":1,"5":1,"6":0,"7":0,"8":1,"9":1},"f":{"0":1,"1":0},"b":{}}
,"/Users/yonathan.g.ramos/Desktop/Wolox-Practices/front/wolox-books/yr-vue-angular/angular/src/app/constants/codeRequest.ts": {"path":"/Users/yonathan.g.ramos/Desktop/Wolox-Practices/front/wolox-books/yr-vue-angular/angular/src/app/constants/codeRequest.ts","statementMap":{"0":{"start":{"line":1,"column":0},"end":{"line":1,"column":null}},"1":{"start":{"line":2,"column":2},"end":{"line":2,"column":null}},"2":{"start":{"line":3,"column":2},"end":{"line":3,"column":null}},"3":{"start":{"line":4,"column":2},"end":{"line":4,"column":null}}},"fnMap":{"0":{"name":"(anonymous_0)","decl":{"start":{"line":1,"column":0},"end":{"line":1,"column":12}},"loc":{"start":{"line":1,"column":18},"end":{"line":5,"column":1}}}},"branchMap":{"0":{"loc":{"start":{"line":1,"column":12},"end":{"line":1,"column":null}},"type":"binary-expr","locations":[{"start":{"line":1,"column":12},"end":{"line":1,"column":18}},{"start":{"line":1,"column":12},"end":{"line":1,"column":null}}]}},"s":{"0":1,"1":1,"2":1,"3":1},"f":{"0":1},"b":{"0":[1,1]}}
,"/Users/yonathan.g.ramos/Desktop/Wolox-Practices/front/wolox-books/yr-vue-angular/angular/src/app/constants/formAccount.ts": {"path":"/Users/yonathan.g.ramos/Desktop/Wolox-Practices/front/wolox-books/yr-vue-angular/angular/src/app/constants/formAccount.ts","statementMap":{"0":{"start":{"line":1,"column":13},"end":{"line":33,"column":2}},"1":{"start":{"line":35,"column":13},"end":{"line":49,"column":2}}},"fnMap":{},"branchMap":{},"s":{"0":2,"1":2},"f":{},"b":{}}
,"/Users/yonathan.g.ramos/Desktop/Wolox-Practices/front/wolox-books/yr-vue-angular/angular/src/app/helpers/utilities/customValidators.ts": {"path":"/Users/yonathan.g.ramos/Desktop/Wolox-Practices/front/wolox-books/yr-vue-angular/angular/src/app/helpers/utilities/customValidators.ts","statementMap":{"0":{"start":{"line":5,"column":4},"end":{"line":12,"column":6}},"1":{"start":{"line":6,"column":25},"end":{"line":6,"column":44}},"2":{"start":{"line":7,"column":25},"end":{"line":7,"column":44}},"3":{"start":{"line":9,"column":6},"end":{"line":11,"column":15}},"4":{"start":{"line":3,"column":0},"end":{"line":3,"column":13}}},"fnMap":{"0":{"name":"(anonymous_0)","decl":{"start":{"line":4,"column":2},"end":{"line":4,"column":8}},"loc":{"start":{"line":4,"column":54},"end":{"line":13,"column":3}}},"1":{"name":"(anonymous_1)","decl":{"start":{"line":5,"column":11},"end":{"line":5,"column":12}},"loc":{"start":{"line":5,"column":65},"end":{"line":12,"column":5}}}},"branchMap":{"0":{"loc":{"start":{"line":9,"column":13},"end":{"line":11,"column":14}},"type":"cond-expr","locations":[{"start":{"line":10,"column":10},"end":{"line":10,"column":28}},{"start":{"line":11,"column":10},"end":{"line":11,"column":14}}]},"1":{"loc":{"start":{"line":9,"column":13},"end":{"line":9,"column":78}},"type":"binary-expr","locations":[{"start":{"line":9,"column":13},"end":{"line":9,"column":23}},{"start":{"line":9,"column":27},"end":{"line":9,"column":37}},{"start":{"line":9,"column":41},"end":{"line":9,"column":78}}]}},"s":{"0":6,"1":46,"2":46,"3":46,"4":2},"f":{"0":6,"1":46},"b":{"0":[1,45],"1":[46,46,29]}}
,"/Users/yonathan.g.ramos/Desktop/Wolox-Practices/front/wolox-books/yr-vue-angular/angular/src/app/helpers/utilities/serializer.ts": {"path":"/Users/yonathan.g.ramos/Desktop/Wolox-Practices/front/wolox-books/yr-vue-angular/angular/src/app/helpers/utilities/serializer.ts","statementMap":{"0":{"start":{"line":1,"column":53},"end":{"line":1,"column":73}},"1":{"start":{"line":3,"column":13},"end":{"line":3,"column":61}},"2":{"start":{"line":4,"column":13},"end":{"line":4,"column":61}}},"fnMap":{},"branchMap":{},"s":{"0":4,"1":4,"2":4},"f":{},"b":{}}
,"/Users/yonathan.g.ramos/Desktop/Wolox-Practices/front/wolox-books/yr-vue-angular/angular/src/app/screens/books/books-routing.module.ts": {"path":"/Users/yonathan.g.ramos/Desktop/Wolox-Practices/front/wolox-books/yr-vue-angular/angular/src/app/screens/books/books-routing.module.ts","statementMap":{"0":{"start":{"line":1,"column":0},"end":{"line":1,"column":41}},"1":{"start":{"line":2,"column":0},"end":{"line":2,"column":55}},"2":{"start":{"line":3,"column":0},"end":{"line":3,"column":51}},"3":{"start":{"line":4,"column":23},"end":{"line":9,"column":2}},"4":{"start":{"line":15,"column":31},"end":{"line":15,"column":null}},"5":{"start":{"line":15,"column":13},"end":{"line":15,"column":null}},"6":{"start":{"line":15,"column":13},"end":{"line":15,"column":31}}},"fnMap":{},"branchMap":{},"s":{"0":1,"1":1,"2":1,"3":1,"4":1,"5":1,"6":1},"f":{},"b":{}}
,"/Users/yonathan.g.ramos/Desktop/Wolox-Practices/front/wolox-books/yr-vue-angular/angular/src/app/screens/books/books.component.html": {"path":"/Users/yonathan.g.ramos/Desktop/Wolox-Practices/front/wolox-books/yr-vue-angular/angular/src/app/screens/books/books.component.html","statementMap":{"0":{"start":{"line":1,"column":0},"end":{"line":1,"column":44}}},"fnMap":{},"branchMap":{},"s":{"0":1},"f":{},"b":{},"_coverageSchema":"1a1c01bbd47fc00a2c39e90264f33305004495a9","hash":"6ccb383c63456ba07ee6ffb97a031b97a6d6e8a8"}
,"/Users/yonathan.g.ramos/Desktop/Wolox-Practices/front/wolox-books/yr-vue-angular/angular/src/app/screens/books/books.component.ts": {"path":"/Users/yonathan.g.ramos/Desktop/Wolox-Practices/front/wolox-books/yr-vue-angular/angular/src/app/screens/books/books.component.ts","statementMap":{"0":{"start":{"line":1,"column":0},"end":{"line":1,"column":50}},"1":{"start":{"line":8,"column":27},"end":{"line":8,"column":null}},"2":{"start":{"line":8,"column":13},"end":{"line":8,"column":null}},"3":{"start":{"line":8,"column":13},"end":{"line":8,"column":27}}},"fnMap":{},"branchMap":{},"s":{"0":1,"1":1,"2":1,"3":1},"f":{},"b":{}}
,"/Users/yonathan.g.ramos/Desktop/Wolox-Practices/front/wolox-books/yr-vue-angular/angular/src/app/screens/login/login-routing.module.ts": {"path":"/Users/yonathan.g.ramos/Desktop/Wolox-Practices/front/wolox-books/yr-vue-angular/angular/src/app/screens/login/login-routing.module.ts","statementMap":{"0":{"start":{"line":1,"column":0},"end":{"line":1,"column":41}},"1":{"start":{"line":2,"column":0},"end":{"line":2,"column":55}},"2":{"start":{"line":3,"column":0},"end":{"line":3,"column":51}},"3":{"start":{"line":4,"column":23},"end":{"line":9,"column":2}},"4":{"start":{"line":15,"column":31},"end":{"line":15,"column":null}},"5":{"start":{"line":15,"column":13},"end":{"line":15,"column":null}},"6":{"start":{"line":15,"column":13},"end":{"line":15,"column":31}}},"fnMap":{},"branchMap":{},"s":{"0":1,"1":1,"2":1,"3":1,"4":1,"5":1,"6":1},"f":{},"b":{}}
,"/Users/yonathan.g.ramos/Desktop/Wolox-Practices/front/wolox-books/yr-vue-angular/angular/src/app/screens/login/login.component.html": {"path":"/Users/yonathan.g.ramos/Desktop/Wolox-Practices/front/wolox-books/yr-vue-angular/angular/src/app/screens/login/login.component.html","statementMap":{"0":{"start":{"line":1,"column":0},"end":{"line":1,"column":265}}},"fnMap":{},"branchMap":{},"s":{"0":1},"f":{},"b":{},"_coverageSchema":"1a1c01bbd47fc00a2c39e90264f33305004495a9","hash":"39ef8e57ef5203abe82fab6c3bf4f9369729e2ab"}
,"/Users/yonathan.g.ramos/Desktop/Wolox-Practices/front/wolox-books/yr-vue-angular/angular/src/app/screens/login/login.component.ts": {"path":"/Users/yonathan.g.ramos/Desktop/Wolox-Practices/front/wolox-books/yr-vue-angular/angular/src/app/screens/login/login.component.ts","statementMap":{"0":{"start":{"line":2,"column":0},"end":{"line":2,"column":42}},"1":{"start":{"line":3,"column":0},"end":{"line":3,"column":53}},"2":{"start":{"line":4,"column":0},"end":{"line":4,"column":59}},"3":{"start":{"line":6,"column":0},"end":{"line":6,"column":9}},"4":{"start":{"line":7,"column":0},"end":{"line":7,"column":9}},"5":{"start":{"line":13,"column":27},"end":{"line":38,"column":null}},"6":{"start":{"line":17,"column":22},"end":{"line":17,"column":35}},"7":{"start":{"line":17,"column":56},"end":{"line":17,"column":64}},"8":{"start":{"line":14,"column":2},"end":{"line":14,"column":24}},"9":{"start":{"line":15,"column":2},"end":{"line":15,"column":23}},"10":{"start":{"line":20,"column":4},"end":{"line":20,"column":27}},"11":{"start":{"line":21,"column":4},"end":{"line":36,"column":6}},"12":{"start":{"line":23,"column":8},"end":{"line":29,"column":null}},"13":{"start":{"line":24,"column":24},"end":{"line":24,"column":60}},"14":{"start":{"line":25,"column":10},"end":{"line":28,"column":null}},"15":{"start":{"line":26,"column":12},"end":{"line":26,"column":50}},"16":{"start":{"line":27,"column":12},"end":{"line":27,"column":45}},"17":{"start":{"line":32,"column":8},"end":{"line":34,"column":null}},"18":{"start":{"line":33,"column":10},"end":{"line":33,"column":57}},"19":{"start":{"line":13,"column":13},"end":{"line":38,"column":null}},"20":{"start":{"line":13,"column":13},"end":{"line":13,"column":27}}},"fnMap":{"0":{"name":"(anonymous_0)","decl":{"start":{"line":17,"column":2},"end":{"line":17,"column":22}},"loc":{"start":{"line":17,"column":70},"end":{"line":17,"column":74}}},"1":{"name":"(anonymous_1)","decl":{"start":{"line":19,"column":2},"end":{"line":19,"column":16}},"loc":{"start":{"line":19,"column":29},"end":{"line":37,"column":3}}},"2":{"name":"(anonymous_2)","decl":{"start":{"line":22,"column":6},"end":{"line":22,"column":7}},"loc":{"start":{"line":22,"column":41},"end":{"line":30,"column":7}}},"3":{"name":"(anonymous_3)","decl":{"start":{"line":31,"column":6},"end":{"line":31,"column":7}},"loc":{"start":{"line":31,"column":16},"end":{"line":35,"column":7}}}},"branchMap":{"0":{"loc":{"start":{"line":23,"column":8},"end":{"line":29,"column":null}},"type":"if","locations":[{"start":{"line":23,"column":8},"end":{"line":29,"column":null}}]},"1":{"loc":{"start":{"line":25,"column":10},"end":{"line":28,"column":null}},"type":"if","locations":[{"start":{"line":25,"column":10},"end":{"line":28,"column":null}}]},"2":{"loc":{"start":{"line":32,"column":8},"end":{"line":34,"column":null}},"type":"if","locations":[{"start":{"line":32,"column":8},"end":{"line":34,"column":null}}]}},"s":{"0":1,"1":1,"2":1,"3":1,"4":1,"5":1,"6":0,"7":0,"8":0,"9":0,"10":0,"11":0,"12":0,"13":0,"14":0,"15":0,"16":0,"17":0,"18":0,"19":1,"20":1},"f":{"0":0,"1":0,"2":0,"3":0},"b":{"0":[0],"1":[0],"2":[0]}}
,"/Users/yonathan.g.ramos/Desktop/Wolox-Practices/front/wolox-books/yr-vue-angular/angular/src/app/screens/sign-up/sign-up-routing.module.ts": {"path":"/Users/yonathan.g.ramos/Desktop/Wolox-Practices/front/wolox-books/yr-vue-angular/angular/src/app/screens/sign-up/sign-up-routing.module.ts","statementMap":{"0":{"start":{"line":1,"column":0},"end":{"line":1,"column":41}},"1":{"start":{"line":2,"column":0},"end":{"line":2,"column":55}},"2":{"start":{"line":3,"column":0},"end":{"line":3,"column":54}},"3":{"start":{"line":4,"column":23},"end":{"line":9,"column":2}},"4":{"start":{"line":15,"column":32},"end":{"line":15,"column":null}},"5":{"start":{"line":15,"column":13},"end":{"line":15,"column":null}},"6":{"start":{"line":15,"column":13},"end":{"line":15,"column":32}}},"fnMap":{},"branchMap":{},"s":{"0":1,"1":1,"2":1,"3":1,"4":1,"5":1,"6":1},"f":{},"b":{}}
,"/Users/yonathan.g.ramos/Desktop/Wolox-Practices/front/wolox-books/yr-vue-angular/angular/src/app/screens/sign-up/sign-up.component.html": {"path":"/Users/yonathan.g.ramos/Desktop/Wolox-Practices/front/wolox-books/yr-vue-angular/angular/src/app/screens/sign-up/sign-up.component.html","statementMap":{"0":{"start":{"line":1,"column":0},"end":{"line":1,"column":226}}},"fnMap":{},"branchMap":{},"s":{"0":1},"f":{},"b":{},"_coverageSchema":"1a1c01bbd47fc00a2c39e90264f33305004495a9","hash":"7bc26527617d3a02b0440482a972647a1dd0da86"}
,"/Users/yonathan.g.ramos/Desktop/Wolox-Practices/front/wolox-books/yr-vue-angular/angular/src/app/screens/sign-up/sign-up.component.ts": {"path":"/Users/yonathan.g.ramos/Desktop/Wolox-Practices/front/wolox-books/yr-vue-angular/angular/src/app/screens/sign-up/sign-up.component.ts","statementMap":{"0":{"start":{"line":2,"column":0},"end":{"line":2,"column":42}},"1":{"start":{"line":3,"column":0},"end":{"line":3,"column":61}},"2":{"start":{"line":5,"column":0},"end":{"line":5,"column":9}},"3":{"start":{"line":11,"column":28},"end":{"line":26,"column":null}},"4":{"start":{"line":15,"column":22},"end":{"line":15,"column":35}},"5":{"start":{"line":12,"column":2},"end":{"line":12,"column":26}},"6":{"start":{"line":13,"column":2},"end":{"line":13,"column":25}},"7":{"start":{"line":18,"column":4},"end":{"line":24,"column":9}},"8":{"start":{"line":21,"column":8},"end":{"line":23,"column":null}},"9":{"start":{"line":22,"column":10},"end":{"line":22,"column":33}},"10":{"start":{"line":11,"column":13},"end":{"line":26,"column":null}},"11":{"start":{"line":11,"column":13},"end":{"line":11,"column":28}}},"fnMap":{"0":{"name":"(anonymous_0)","decl":{"start":{"line":15,"column":2},"end":{"line":15,"column":22}},"loc":{"start":{"line":15,"column":46},"end":{"line":15,"column":50}}},"1":{"name":"(anonymous_1)","decl":{"start":{"line":17,"column":2},"end":{"line":17,"column":16}},"loc":{"start":{"line":17,"column":29},"end":{"line":25,"column":3}}},"2":{"name":"(anonymous_2)","decl":{"start":{"line":20,"column":17},"end":{"line":20,"column":18}},"loc":{"start":{"line":20,"column":52},"end":{"line":24,"column":7}}}},"branchMap":{"0":{"loc":{"start":{"line":21,"column":8},"end":{"line":23,"column":null}},"type":"if","locations":[{"start":{"line":21,"column":8},"end":{"line":23,"column":null}}]}},"s":{"0":1,"1":1,"2":1,"3":1,"4":0,"5":0,"6":0,"7":0,"8":0,"9":0,"10":1,"11":1},"f":{"0":0,"1":0,"2":0},"b":{"0":[0]}}
,"/Users/yonathan.g.ramos/Desktop/Wolox-Practices/front/wolox-books/yr-vue-angular/angular/src/app/services/user.service.ts": {"path":"/Users/yonathan.g.ramos/Desktop/Wolox-Practices/front/wolox-books/yr-vue-angular/angular/src/app/services/user.service.ts","statementMap":{"0":{"start":{"line":1,"column":0},"end":{"line":1,"column":43}},"1":{"start":{"line":2,"column":0},"end":{"line":2,"column":9}},"2":{"start":{"line":5,"column":0},"end":{"line":5,"column":61}},"3":{"start":{"line":6,"column":0},"end":{"line":6,"column":70}},"4":{"start":{"line":11,"column":24},"end":{"line":45,"column":null}},"5":{"start":{"line":14,"column":22},"end":{"line":14,"column":28}},"6":{"start":{"line":12,"column":10},"end":{"line":12,"column":43}},"7":{"start":{"line":17,"column":4},"end":{"line":17,"column":23}},"8":{"start":{"line":18,"column":20},"end":{"line":18,"column":51}},"9":{"start":{"line":20,"column":4},"end":{"line":26,"column":6}},"10":{"start":{"line":30,"column":4},"end":{"line":36,"column":6}},"11":{"start":{"line":39,"column":4},"end":{"line":39,"column":45}},"12":{"start":{"line":43,"column":4},"end":{"line":43,"column":41}},"13":{"start":{"line":11,"column":13},"end":{"line":45,"column":null}},"14":{"start":{"line":11,"column":13},"end":{"line":11,"column":24}}},"fnMap":{"0":{"name":"(anonymous_0)","decl":{"start":{"line":14,"column":2},"end":{"line":14,"column":22}},"loc":{"start":{"line":14,"column":38},"end":{"line":14,"column":42}}},"1":{"name":"(anonymous_1)","decl":{"start":{"line":16,"column":2},"end":{"line":16,"column":12}},"loc":{"start":{"line":16,"column":24},"end":{"line":27,"column":3}}},"2":{"name":"(anonymous_2)","decl":{"start":{"line":29,"column":2},"end":{"line":29,"column":7}},"loc":{"start":{"line":29,"column":19},"end":{"line":37,"column":3}}},"3":{"name":"(anonymous_3)","decl":{"start":{"line":38,"column":2},"end":{"line":38,"column":15}},"loc":{"start":{"line":38,"column":29},"end":{"line":40,"column":3}}},"4":{"name":"(anonymous_4)","decl":{"start":{"line":42,"column":2},"end":{"line":42,"column":9}},"loc":{"start":{"line":42,"column":9},"end":{"line":44,"column":3}}}},"branchMap":{},"s":{"0":4,"1":4,"2":4,"3":4,"4":4,"5":2,"6":2,"7":0,"8":0,"9":0,"10":0,"11":0,"12":0,"13":4,"14":4},"f":{"0":2,"1":0,"2":0,"3":0,"4":0},"b":{}}
,"/Users/yonathan.g.ramos/Desktop/Wolox-Practices/front/wolox-books/yr-vue-angular/angular/src/environments/environment.ts": {"path":"/Users/yonathan.g.ramos/Desktop/Wolox-Practices/front/wolox-books/yr-vue-angular/angular/src/environments/environment.ts","statementMap":{"0":{"start":{"line":5,"column":13},"end":{"line":8,"column":2}}},"fnMap":{},"branchMap":{},"s":{"0":4},"f":{},"b":{}}
}
